<?xml version="1.0" encoding="UTF-8"?>
<testng-results ignored="0" total="2" passed="2" failed="0" skipped="0">
  <reporter-output>
  </reporter-output>
  <suite started-at="2025-07-30T07:12:15 EDT" name="Facebook Suite" finished-at="2025-07-30T07:12:20 EDT" duration-ms="5162">
    <groups>
    </groups>
    <test started-at="2025-07-30T07:12:15 EDT" name="Facebook Test" finished-at="2025-07-30T07:12:20 EDT" duration-ms="5162">
      <class name="facebook.test.demo.FaceBookPage">
        <test-method is-config="true" signature="setUp()[pri:0, instance:facebook.test.demo.FaceBookPage@1b1cfb87]" started-at="2025-07-30T07:12:15 EDT" name="setUp" finished-at="2025-07-30T07:12:18 EDT" duration-ms="2698" status="PASS">
          <reporter-output>
          </reporter-output>
        </test-method> <!-- setUp -->
        <test-method signature="VerifyLoginFields()[pri:0, instance:facebook.test.demo.FaceBookPage@1b1cfb87]" started-at="2025-07-30T07:12:18 EDT" name="VerifyLoginFields" finished-at="2025-07-30T07:12:18 EDT" duration-ms="109" status="PASS">
          <reporter-output>
          </reporter-output>
        </test-method> <!-- VerifyLoginFields -->
        <test-method is-config="true" signature="tearDown()[pri:0, instance:facebook.test.demo.FaceBookPage@1b1cfb87]" started-at="2025-07-30T07:12:18 EDT" name="tearDown" finished-at="2025-07-30T07:12:18 EDT" duration-ms="177" status="PASS">
          <reporter-output>
          </reporter-output>
        </test-method> <!-- tearDown -->
        <test-method is-config="true" signature="setUp()[pri:0, instance:facebook.test.demo.FaceBookPage@1b1cfb87]" started-at="2025-07-30T07:12:18 EDT" name="setUp" finished-at="2025-07-30T07:12:20 EDT" duration-ms="1844" status="PASS">
          <reporter-output>
          </reporter-output>
        </test-method> <!-- setUp -->
        <test-method signature="welcomeMsg()[pri:0, instance:facebook.test.demo.FaceBookPage@1b1cfb87]" started-at="2025-07-30T07:12:20 EDT" name="welcomeMsg" finished-at="2025-07-30T07:12:20 EDT" duration-ms="41" status="PASS">
          <reporter-output>
          </reporter-output>
        </test-method> <!-- welcomeMsg -->
        <test-method is-config="true" signature="tearDown()[pri:0, instance:facebook.test.demo.FaceBookPage@1b1cfb87]" started-at="2025-07-30T07:12:20 EDT" name="tearDown" finished-at="2025-07-30T07:12:20 EDT" duration-ms="168" status="PASS">
          <reporter-output>
          </reporter-output>
        </test-method> <!-- tearDown -->
      </class> <!-- facebook.test.demo.FaceBookPage -->
    </test> <!-- Facebook Test -->
  </suite> <!-- Facebook Suite -->
</testng-results>
